Started GET "/" for 127.0.0.1 at 2024-06-10 18:22:11 -0300
  [1m[35m (2.7ms)[0m  [1m[35mCREATE TABLE "schema_migrations" ("version" varchar NOT NULL PRIMARY KEY)[0m
  [1m[35m (0.1ms)[0m  [1m[35mCREATE TABLE "ar_internal_metadata" ("key" varchar NOT NULL PRIMARY KEY, "value" varchar, "created_at" datetime(6) NOT NULL, "updated_at" datetime(6) NOT NULL)[0m
  [1m[36mActiveRecord::SchemaMigration Load (0.1ms)[0m  [1m[34mSELECT "schema_migrations"."version" FROM "schema_migrations" ORDER BY "schema_migrations"."version" ASC[0m
Processing by Rails::WelcomeController#index as HTML
  Rendering /var/lib/gems/3.1.0/gems/railties-7.1.3.3/lib/rails/templates/rails/welcome/index.html.erb
  Rendered /var/lib/gems/3.1.0/gems/railties-7.1.3.3/lib/rails/templates/rails/welcome/index.html.erb (Duration: 0.4ms | Allocations: 383)
Completed 200 OK in 25ms (Views: 5.6ms | ActiveRecord: 0.0ms | Allocations: 7678)


Started GET "/" for 127.0.0.1 at 2024-06-10 20:11:09 -0300
  [1m[36mActiveRecord::SchemaMigration Load (0.1ms)[0m  [1m[34mSELECT "schema_migrations"."version" FROM "schema_migrations" ORDER BY "schema_migrations"."version" ASC[0m
Processing by Rails::WelcomeController#index as HTML
  Rendering /var/lib/gems/3.1.0/gems/railties-7.1.3.3/lib/rails/templates/rails/welcome/index.html.erb
  Rendered /var/lib/gems/3.1.0/gems/railties-7.1.3.3/lib/rails/templates/rails/welcome/index.html.erb (Duration: 0.8ms | Allocations: 383)
Completed 200 OK in 5ms (Views: 2.2ms | ActiveRecord: 0.0ms | Allocations: 4713)


Started GET "/" for 127.0.0.1 at 2024-06-10 20:14:34 -0300
  
ActionController::RoutingError (uninitialized constant PostsController

      Object.const_get(camel_cased_word)
            ^^^^^^^^^^

            raise MissingController.new(error.message, error.name)
            ^^^^^):
  
Started GET "/favicon.ico" for 127.0.0.1 at 2024-06-10 20:14:34 -0300
  
ActionController::RoutingError (No route matches [GET] "/favicon.ico"):
  
Started GET "/up" for 127.0.0.1 at 2024-06-10 20:15:30 -0300
Processing by Rails::HealthController#show as HTML
  Rendering html template
  Rendered html template (Duration: 0.0ms | Allocations: 9)
Completed 200 OK in 2ms (Views: 1.3ms | ActiveRecord: 0.0ms | Allocations: 827)


Started GET "/" for 127.0.0.1 at 2024-06-10 20:19:02 -0300
  [1m[36mActiveRecord::SchemaMigration Load (0.1ms)[0m  [1m[34mSELECT "schema_migrations"."version" FROM "schema_migrations" ORDER BY "schema_migrations"."version" ASC[0m
Processing by IndexController#index as HTML
  Rendering index/index.html.erb
  Rendered index/index.html.erb (Duration: 0.2ms | Allocations: 193)
Completed 200 OK in 3ms (Views: 1.8ms | ActiveRecord: 0.0ms | Allocations: 3028)


Started GET "/login" for 127.0.0.1 at 2024-06-10 20:24:26 -0300
  [1m[36mActiveRecord::SchemaMigration Load (0.1ms)[0m  [1m[34mSELECT "schema_migrations"."version" FROM "schema_migrations" ORDER BY "schema_migrations"."version" ASC[0m
Processing by AuthenticationController#new as HTML
Completed 500 Internal Server Error in 3ms (ActiveRecord: 0.0ms | Allocations: 4300)


  
ActionView::MissingTemplate (Missing template authentication/login, application/login with {:locale=>[:en], :formats=>[:html], :variants=>[], :handlers=>[:raw, :erb, :html, :builder, :ruby, :haml, :jbuilder]}.

Searched in:
  * "/home/eduardomarciano/Documents/GitHub/QuickClassEvalFork/app/views"
  * "/var/lib/gems/3.1.0/gems/turbo-rails-2.0.5/app/views"
  * "/var/lib/gems/3.1.0/gems/actiontext-7.1.3.3/app/views"
  * "/var/lib/gems/3.1.0/gems/actionmailbox-7.1.3.3/app/views"

Did you mean?  layouts/rails/conductor
               rails/conductor/action_mailbox/inbound_emails/show
               layouts/turbo_rails/frame
               rails/conductor/action_mailbox/inbound_emails/index
               rails/conductor/action_mailbox/inbound_emails/new
               rails/conductor/action_mailbox/inbound_emails/sources/new):
  
app/controllers/authentication_controller.rb:3:in `new'
Started GET "/login" for 127.0.0.1 at 2024-06-10 20:24:59 -0300
Processing by AuthenticationController#new as HTML
Completed 500 Internal Server Error in 1ms (ActiveRecord: 0.0ms | Allocations: 1772)


  
ActionView::MissingTemplate (Missing template authentication/login, application/login with {:locale=>[:en], :formats=>[:html], :variants=>[], :handlers=>[:raw, :erb, :html, :builder, :ruby, :haml, :jbuilder]}.

Searched in:
  * "/home/eduardomarciano/Documents/GitHub/QuickClassEvalFork/app/views"
  * "/var/lib/gems/3.1.0/gems/turbo-rails-2.0.5/app/views"
  * "/var/lib/gems/3.1.0/gems/actiontext-7.1.3.3/app/views"
  * "/var/lib/gems/3.1.0/gems/actionmailbox-7.1.3.3/app/views"

Did you mean?  login/login
               layouts/rails/conductor
               rails/conductor/action_mailbox/inbound_emails/show
               layouts/turbo_rails/frame
               rails/conductor/action_mailbox/inbound_emails/index
               rails/conductor/action_mailbox/inbound_emails/new):
  
app/controllers/authentication_controller.rb:3:in `new'
Started GET "/login" for 127.0.0.1 at 2024-06-10 20:25:06 -0300
  [1m[36mActiveRecord::SchemaMigration Load (0.1ms)[0m  [1m[34mSELECT "schema_migrations"."version" FROM "schema_migrations" ORDER BY "schema_migrations"."version" ASC[0m
Processing by AuthenticationController#new as HTML
Completed 500 Internal Server Error in 4ms (ActiveRecord: 0.0ms | Allocations: 4342)


  
ActionView::MissingTemplate (Missing template authentication/login, application/login with {:locale=>[:en], :formats=>[:html], :variants=>[], :handlers=>[:raw, :erb, :html, :builder, :ruby, :haml, :jbuilder]}.

Searched in:
  * "/home/eduardomarciano/Documents/GitHub/QuickClassEvalFork/app/views"
  * "/var/lib/gems/3.1.0/gems/turbo-rails-2.0.5/app/views"
  * "/var/lib/gems/3.1.0/gems/actiontext-7.1.3.3/app/views"
  * "/var/lib/gems/3.1.0/gems/actionmailbox-7.1.3.3/app/views"

Did you mean?  login/login
               layouts/rails/conductor
               rails/conductor/action_mailbox/inbound_emails/show
               layouts/turbo_rails/frame
               rails/conductor/action_mailbox/inbound_emails/index
               rails/conductor/action_mailbox/inbound_emails/new):
  
app/controllers/authentication_controller.rb:3:in `new'
Started GET "/" for ::1 at 2024-06-10 20:26:02 -0300
  [1m[36mActiveRecord::SchemaMigration Load (0.1ms)[0m  [1m[34mSELECT "schema_migrations"."version" FROM "schema_migrations" ORDER BY "schema_migrations"."version" ASC[0m
Processing by IndexController#index as HTML
  Rendering index/index.html.erb
  Rendered index/index.html.erb (Duration: 0.2ms | Allocations: 193)
Completed 200 OK in 3ms (Views: 2.0ms | ActiveRecord: 0.0ms | Allocations: 3057)


Started GET "/favicon.ico" for ::1 at 2024-06-10 20:26:02 -0300
  
ActionController::RoutingError (No route matches [GET] "/favicon.ico"):
  
Started GET "/" for 127.0.0.1 at 2024-06-10 20:26:15 -0300
Processing by IndexController#index as HTML
  Rendering index/index.html.erb
  Rendered index/index.html.erb (Duration: 0.0ms | Allocations: 6)
Completed 200 OK in 0ms (Views: 0.3ms | ActiveRecord: 0.0ms | Allocations: 327)


Started GET "/login" for 127.0.0.1 at 2024-06-10 20:26:20 -0300
Processing by AuthenticationController#new as HTML
Completed 500 Internal Server Error in 1ms (ActiveRecord: 0.0ms | Allocations: 1602)


  
ActionView::MissingTemplate (Missing template authentication/login, application/login with {:locale=>[:en], :formats=>[:html], :variants=>[], :handlers=>[:raw, :erb, :html, :builder, :ruby, :haml, :jbuilder]}.

Searched in:
  * "/home/eduardomarciano/Documents/GitHub/QuickClassEvalFork/app/views"
  * "/var/lib/gems/3.1.0/gems/turbo-rails-2.0.5/app/views"
  * "/var/lib/gems/3.1.0/gems/actiontext-7.1.3.3/app/views"
  * "/var/lib/gems/3.1.0/gems/actionmailbox-7.1.3.3/app/views"

Did you mean?  login/login
               layouts/rails/conductor
               rails/conductor/action_mailbox/inbound_emails/show
               layouts/turbo_rails/frame
               rails/conductor/action_mailbox/inbound_emails/index
               rails/conductor/action_mailbox/inbound_emails/new):
  
app/controllers/authentication_controller.rb:3:in `new'
Started GET "/" for 127.0.0.1 at 2024-06-10 20:29:09 -0300
  [1m[36mActiveRecord::SchemaMigration Load (0.1ms)[0m  [1m[34mSELECT "schema_migrations"."version" FROM "schema_migrations" ORDER BY "schema_migrations"."version" ASC[0m
Processing by IndexController#index as HTML
  Rendering index/index.html.erb
  Rendered index/index.html.erb (Duration: 0.2ms | Allocations: 193)
Completed 200 OK in 3ms (Views: 1.7ms | ActiveRecord: 0.0ms | Allocations: 3029)


Started GET "/login" for 127.0.0.1 at 2024-06-10 20:29:13 -0300
Processing by AuthenticationController#new as HTML
  Rendering authentication/login.html.erb
  Rendered authentication/login.html.erb (Duration: 0.3ms | Allocations: 104)
Completed 200 OK in 1ms (Views: 0.8ms | ActiveRecord: 0.0ms | Allocations: 675)


