Started GET "/" for 127.0.0.1 at 2024-06-09 23:22:36 -0300
  [1m[35m (0.3ms)[0m  [1m[35mCREATE TABLE "schema_migrations" ("version" varchar NOT NULL PRIMARY KEY)[0m
  [1m[35m (0.1ms)[0m  [1m[35mCREATE TABLE "ar_internal_metadata" ("key" varchar NOT NULL PRIMARY KEY, "value" varchar, "created_at" datetime(6) NOT NULL, "updated_at" datetime(6) NOT NULL)[0m
  [1m[36mActiveRecord::SchemaMigration Load (0.1ms)[0m  [1m[34mSELECT "schema_migrations"."version" FROM "schema_migrations" ORDER BY "schema_migrations"."version" ASC[0m
Processing by Rails::WelcomeController#index as HTML
  Rendering /Users/henriqueramos.qs/.rvm/gems/ruby-3.2.0/gems/railties-7.1.3.4/lib/rails/templates/rails/welcome/index.html.erb
  Rendered /Users/henriqueramos.qs/.rvm/gems/ruby-3.2.0/gems/railties-7.1.3.4/lib/rails/templates/rails/welcome/index.html.erb (Duration: 0.4ms | Allocations: 374)
Completed 200 OK in 14ms (Views: 4.1ms | ActiveRecord: 0.0ms | Allocations: 7916)


Started GET "/" for 127.0.0.1 at 2024-06-10 15:12:08 -0300
  [1m[36mActiveRecord::SchemaMigration Load (0.1ms)[0m  [1m[34mSELECT "schema_migrations"."version" FROM "schema_migrations" ORDER BY "schema_migrations"."version" ASC[0m
Processing by Rails::WelcomeController#index as HTML
  Rendering /Users/henriqueramos.qs/.rvm/gems/ruby-3.2.0/gems/railties-7.1.3.4/lib/rails/templates/rails/welcome/index.html.erb
  Rendered /Users/henriqueramos.qs/.rvm/gems/ruby-3.2.0/gems/railties-7.1.3.4/lib/rails/templates/rails/welcome/index.html.erb (Duration: 0.6ms | Allocations: 374)
Completed 200 OK in 8ms (Views: 2.0ms | ActiveRecord: 0.0ms | Allocations: 4303)


Started GET "/" for 127.0.0.1 at 2024-06-10 15:23:47 -0300
  [1m[36mActiveRecord::SchemaMigration Load (0.1ms)[0m  [1m[34mSELECT "schema_migrations"."version" FROM "schema_migrations" ORDER BY "schema_migrations"."version" ASC[0m
Processing by Rails::WelcomeController#index as HTML
  Rendering /Users/henriqueramos.qs/.rvm/gems/ruby-3.2.0/gems/railties-7.1.3.4/lib/rails/templates/rails/welcome/index.html.erb
  Rendered /Users/henriqueramos.qs/.rvm/gems/ruby-3.2.0/gems/railties-7.1.3.4/lib/rails/templates/rails/welcome/index.html.erb (Duration: 0.3ms | Allocations: 374)
Completed 200 OK in 6ms (Views: 1.9ms | ActiveRecord: 0.0ms | Allocations: 4304)


Started GET "/" for 127.0.0.1 at 2024-06-10 15:23:49 -0300
Processing by Rails::WelcomeController#index as HTML
  Rendering /Users/henriqueramos.qs/.rvm/gems/ruby-3.2.0/gems/railties-7.1.3.4/lib/rails/templates/rails/welcome/index.html.erb
  Rendered /Users/henriqueramos.qs/.rvm/gems/ruby-3.2.0/gems/railties-7.1.3.4/lib/rails/templates/rails/welcome/index.html.erb (Duration: 0.1ms | Allocations: 13)
Completed 200 OK in 1ms (Views: 0.6ms | ActiveRecord: 0.0ms | Allocations: 218)


Started GET "/" for 127.0.0.1 at 2024-06-10 15:23:49 -0300
Processing by Rails::WelcomeController#index as HTML
  Rendering /Users/henriqueramos.qs/.rvm/gems/ruby-3.2.0/gems/railties-7.1.3.4/lib/rails/templates/rails/welcome/index.html.erb
  Rendered /Users/henriqueramos.qs/.rvm/gems/ruby-3.2.0/gems/railties-7.1.3.4/lib/rails/templates/rails/welcome/index.html.erb (Duration: 0.1ms | Allocations: 13)
Completed 200 OK in 1ms (Views: 0.6ms | ActiveRecord: 0.0ms | Allocations: 217)


Started GET "/home/index" for 127.0.0.1 at 2024-06-10 15:23:51 -0300
Processing by HomeController#index as HTML
  Rendering layout layouts/application.html.erb
  Rendering home/index.html.erb within layouts/application
  Rendered home/index.html.erb within layouts/application (Duration: 0.4ms | Allocations: 96)
  Rendered layout layouts/application.html.erb (Duration: 1134.8ms | Allocations: 101523)
Completed 200 OK in 1139ms (Views: 1137.4ms | ActiveRecord: 0.0ms | Allocations: 102460)


Started GET "/" for ::1 at 2024-06-10 15:27:14 -0300
Processing by Rails::WelcomeController#index as HTML
  Rendering /Users/henriqueramos.qs/.rvm/gems/ruby-3.2.0/gems/railties-7.1.3.4/lib/rails/templates/rails/welcome/index.html.erb
  Rendered /Users/henriqueramos.qs/.rvm/gems/ruby-3.2.0/gems/railties-7.1.3.4/lib/rails/templates/rails/welcome/index.html.erb (Duration: 0.4ms | Allocations: 265)
Completed 200 OK in 2ms (Views: 0.9ms | ActiveRecord: 0.0ms | Allocations: 909)


Started GET "/" for ::1 at 2024-06-10 15:27:15 -0300
Processing by Rails::WelcomeController#index as HTML
  Rendering /Users/henriqueramos.qs/.rvm/gems/ruby-3.2.0/gems/railties-7.1.3.4/lib/rails/templates/rails/welcome/index.html.erb
  Rendered /Users/henriqueramos.qs/.rvm/gems/ruby-3.2.0/gems/railties-7.1.3.4/lib/rails/templates/rails/welcome/index.html.erb (Duration: 0.1ms | Allocations: 13)
Completed 200 OK in 2ms (Views: 0.9ms | ActiveRecord: 0.0ms | Allocations: 214)


Started GET "/" for ::1 at 2024-06-10 15:27:17 -0300
Processing by Rails::WelcomeController#index as HTML
  Rendering /Users/henriqueramos.qs/.rvm/gems/ruby-3.2.0/gems/railties-7.1.3.4/lib/rails/templates/rails/welcome/index.html.erb
  Rendered /Users/henriqueramos.qs/.rvm/gems/ruby-3.2.0/gems/railties-7.1.3.4/lib/rails/templates/rails/welcome/index.html.erb (Duration: 0.1ms | Allocations: 13)
Completed 200 OK in 2ms (Views: 0.8ms | ActiveRecord: 0.0ms | Allocations: 213)


Started GET "//user/15" for ::1 at 2024-06-10 15:27:17 -0300
  
ActionController::RoutingError (No route matches [GET] "/user/15"):
  
Started GET "//user/15" for ::1 at 2024-06-10 15:27:18 -0300
  
ActionController::RoutingError (No route matches [GET] "/user/15"):
  
Started GET "/" for ::1 at 2024-06-10 15:27:18 -0300
Processing by Rails::WelcomeController#index as HTML
  Rendering /Users/henriqueramos.qs/.rvm/gems/ruby-3.2.0/gems/railties-7.1.3.4/lib/rails/templates/rails/welcome/index.html.erb
  Rendered /Users/henriqueramos.qs/.rvm/gems/ruby-3.2.0/gems/railties-7.1.3.4/lib/rails/templates/rails/welcome/index.html.erb (Duration: 0.0ms | Allocations: 13)
Completed 200 OK in 0ms (Views: 0.1ms | ActiveRecord: 0.0ms | Allocations: 214)


Started GET "/home.index" for ::1 at 2024-06-10 15:27:20 -0300
  
ActionController::RoutingError (No route matches [GET] "/home.index"):
  
Started GET "/home/index" for ::1 at 2024-06-10 15:27:29 -0300
Processing by HomeController#index as HTML
  Rendering layout layouts/application.html.erb
  Rendering home/index.html.erb within layouts/application
  Rendered home/index.html.erb within layouts/application (Duration: 7.9ms | Allocations: 4012)
  Rendered layout layouts/application.html.erb (Duration: 25.1ms | Allocations: 22406)
Completed 200 OK in 29ms (Views: 27.8ms | ActiveRecord: 0.0ms | Allocations: 23250)


Started GET "/home/index" for ::1 at 2024-06-10 15:33:51 -0300
Processing by HomeController#index as HTML
  Rendering layout layouts/application.html.erb
  Rendering home/index.html.erb within layouts/application
  Rendered home/index.html.erb within layouts/application (Duration: 0.8ms | Allocations: 1237)
  Rendered layout layouts/application.html.erb (Duration: 0.8ms | Allocations: 1329)
Completed 500 Internal Server Error in 3ms (ActiveRecord: 0.0ms | Allocations: 2230)


  
ActionView::Template::Error (uninitialized constant #<Class:0x0000000107a23e80>::Email):
    2: 
    3:     <%= form_with model: @article do |form| %>
    4:     <div>
    5:         <%= form.label Email %><br>
    6:         <%= form.text_field :email %>
    7:     </div>
    8: 
  
app/views/home/index.html.erb:5
app/views/home/index.html.erb:3
Started GET "/home/index" for ::1 at 2024-06-10 15:34:03 -0300
Processing by HomeController#index as HTML
  Rendering layout layouts/application.html.erb
  Rendering home/index.html.erb within layouts/application
  Rendered home/index.html.erb within layouts/application (Duration: 0.6ms | Allocations: 1028)
  Rendered layout layouts/application.html.erb (Duration: 0.9ms | Allocations: 1119)
Completed 500 Internal Server Error in 3ms (ActiveRecord: 0.0ms | Allocations: 1349)


  
ActionView::Template::Error (uninitialized constant #<Class:0x0000000107a23e80>::Email):
    2: 
    3:     <%= form_with model: @article do |form| %>
    4:     <div>
    5:         <%= form.label Email %><br>
    6:         <%= form.text_field :email %>
    7:     </div>
    8: 
  
app/views/home/index.html.erb:5
app/views/home/index.html.erb:3
Started GET "/home/index" for ::1 at 2024-06-10 15:34:12 -0300
  [1m[36mActiveRecord::SchemaMigration Load (0.1ms)[0m  [1m[34mSELECT "schema_migrations"."version" FROM "schema_migrations" ORDER BY "schema_migrations"."version" ASC[0m
Processing by HomeController#index as HTML
  Rendering layout layouts/application.html.erb
  Rendering home/index.html.erb within layouts/application
  Rendered home/index.html.erb within layouts/application (Duration: 0.8ms | Allocations: 1765)
  Rendered layout layouts/application.html.erb (Duration: 0.9ms | Allocations: 1891)
Completed 500 Internal Server Error in 6ms (ActiveRecord: 0.0ms | Allocations: 5940)


  
ActionView::Template::Error (uninitialized constant #<Class:0x0000000105cc8840>::Email):
    2: 
    3:     <%= form_with model: @article do |form| %>
    4:     <div>
    5:         <%= form.label Email %><br>
    6:         <%= form.text_field :email %>
    7:     </div>
    8: 
  
app/views/home/index.html.erb:5
app/views/home/index.html.erb:3
Started GET "/home/index" for ::1 at 2024-06-10 15:34:14 -0300
Processing by HomeController#index as HTML
  Rendering layout layouts/application.html.erb
  Rendering home/index.html.erb within layouts/application
  Rendered home/index.html.erb within layouts/application (Duration: 0.9ms | Allocations: 1031)
  Rendered layout layouts/application.html.erb (Duration: 1.2ms | Allocations: 1122)
Completed 500 Internal Server Error in 3ms (ActiveRecord: 0.0ms | Allocations: 1357)


  
ActionView::Template::Error (uninitialized constant #<Class:0x0000000105cc8840>::Email):
    2: 
    3:     <%= form_with model: @article do |form| %>
    4:     <div>
    5:         <%= form.label Email %><br>
    6:         <%= form.text_field :email %>
    7:     </div>
    8: 
  
app/views/home/index.html.erb:5
app/views/home/index.html.erb:3
Started GET "/home/index" for ::1 at 2024-06-10 15:34:31 -0300
  [1m[36mActiveRecord::SchemaMigration Load (0.0ms)[0m  [1m[34mSELECT "schema_migrations"."version" FROM "schema_migrations" ORDER BY "schema_migrations"."version" ASC[0m
Processing by HomeController#index as HTML
  Rendering layout layouts/application.html.erb
  Rendering home/index.html.erb within layouts/application
  Rendered home/index.html.erb within layouts/application (Duration: 0.8ms | Allocations: 1765)
  Rendered layout layouts/application.html.erb (Duration: 0.9ms | Allocations: 1891)
Completed 500 Internal Server Error in 6ms (ActiveRecord: 0.0ms | Allocations: 5940)


  
ActionView::Template::Error (uninitialized constant #<Class:0x0000000105a58c18>::Email):
    2: 
    3:     <%= form_with model: @article do |form| %>
    4:     <div>
    5:         <%= form.label Email %><br>
    6:         <%= form.text_field :email %>
    7:     </div>
    8: 
  
app/views/home/index.html.erb:5
app/views/home/index.html.erb:3
Started GET "/home/index" for ::1 at 2024-06-10 15:34:32 -0300
Processing by HomeController#index as HTML
  Rendering layout layouts/application.html.erb
  Rendering home/index.html.erb within layouts/application
  Rendered home/index.html.erb within layouts/application (Duration: 0.9ms | Allocations: 1031)
  Rendered layout layouts/application.html.erb (Duration: 1.2ms | Allocations: 1122)
Completed 500 Internal Server Error in 3ms (ActiveRecord: 0.0ms | Allocations: 1357)


  
ActionView::Template::Error (uninitialized constant #<Class:0x0000000105a58c18>::Email):
    2: 
    3:     <%= form_with model: @article do |form| %>
    4:     <div>
    5:         <%= form.label Email %><br>
    6:         <%= form.text_field :email %>
    7:     </div>
    8: 
  
app/views/home/index.html.erb:5
app/views/home/index.html.erb:3
Started GET "/home/index" for ::1 at 2024-06-10 15:34:57 -0300
  [1m[36mActiveRecord::SchemaMigration Load (0.0ms)[0m  [1m[34mSELECT "schema_migrations"."version" FROM "schema_migrations" ORDER BY "schema_migrations"."version" ASC[0m
Processing by HomeController#index as HTML
  Rendering layout layouts/application.html.erb
  Rendering home/index.html.erb within layouts/application
  Rendered home/index.html.erb within layouts/application (Duration: 0.7ms | Allocations: 1735)
  Rendered layout layouts/application.html.erb (Duration: 0.8ms | Allocations: 1869)
Completed 500 Internal Server Error in 6ms (ActiveRecord: 0.0ms | Allocations: 5949)


  
ActionView::SyntaxErrorInTemplate (Encountered a syntax error while rendering template: check <div class="main_pg_container">

    <%= form_with %>
    <div>
        <%= form.label "Email" %><br>
        <%= form.text_field :email %>
    </div>

    <div>
        <%= form.label Senha %><br>
        <%= form.text_area :password %>
    </div>

    <div>
        <%= form.submit "Entrar" %>
    </div>

     <h1>Bem vindo ao CAAMAR</h1>
    <% end %>
</div>
):
1:    <div class="main_pg_container">
2:    
3:        <%= form_with %>
4:        <div>
5:            <%= form.label "Email" %><br>
6:            <%= form.text_field :email %>
7:        </div>
8:    
9:        <div>
10:            <%= form.label Senha %><br>
11:            <%= form.text_area :password %>
12:        </div>
13:    
14:        <div>
15:            <%= form.submit "Entrar" %>
16:        </div>
17:    
18:         <h1>Bem vindo ao CAAMAR</h1>
19:        <% end %>
20:    </div>
  
app/views/home/index.html.erb:22: syntax error, unexpected `end'
Started GET "/home/index" for ::1 at 2024-06-10 15:38:06 -0300
Processing by HomeController#index as HTML
  Rendering layout layouts/application.html.erb
  Rendering home/index.html.erb within layouts/application
  Rendered home/index.html.erb within layouts/application (Duration: 3.5ms | Allocations: 1246)
  Rendered layout layouts/application.html.erb (Duration: 3.9ms | Allocations: 1345)
Completed 500 Internal Server Error in 7ms (ActiveRecord: 0.0ms | Allocations: 1608)


  
ActionView::SyntaxErrorInTemplate (Encountered a syntax error while rendering template: check <div class="main_pg_container">

    <%= form_with %>
    <div>
        <%= form.label "Email" %><br>
        <%= form.text_field :email %>
    </div>

    <div>
        <%= form.label Senha %><br>
        <%= form.text_area :password %>
    </div>

    <div>
        <%= form.submit "Entrar" %>
    </div>

     <h1>Bem vindo ao CAAMAR</h1>
    <% end %>
</div>
):
1:    <div class="main_pg_container">
2:    
3:        <%= form_with %>
4:        <div>
5:            <%= form.label "Email" %><br>
6:            <%= form.text_field :email %>
7:        </div>
8:    
9:        <div>
10:            <%= form.label Senha %><br>
11:            <%= form.text_area :password %>
12:        </div>
13:    
14:        <div>
15:            <%= form.submit "Entrar" %>
16:        </div>
17:    
18:         <h1>Bem vindo ao CAAMAR</h1>
19:        <% end %>
20:    </div>
  
app/views/home/index.html.erb:22: syntax error, unexpected `end'
Started GET "/home/index" for ::1 at 2024-06-10 15:38:08 -0300
Processing by HomeController#index as HTML
  Rendering layout layouts/application.html.erb
  Rendering home/index.html.erb within layouts/application
  Rendered home/index.html.erb within layouts/application (Duration: 1.4ms | Allocations: 1245)
  Rendered layout layouts/application.html.erb (Duration: 1.7ms | Allocations: 1344)
Completed 500 Internal Server Error in 3ms (ActiveRecord: 0.0ms | Allocations: 1606)


  
ActionView::SyntaxErrorInTemplate (Encountered a syntax error while rendering template: check <div class="main_pg_container">

    <%= form_with %>
    <div>
        <%= form.label "Email" %><br>
        <%= form.text_field :email %>
    </div>

    <div>
        <%= form.label Senha %><br>
        <%= form.text_area :password %>
    </div>

    <div>
        <%= form.submit "Entrar" %>
    </div>

     <h1>Bem vindo ao CAAMAR</h1>
    <% end %>
</div>
):
1:    <div class="main_pg_container">
2:    
3:        <%= form_with %>
4:        <div>
5:            <%= form.label "Email" %><br>
6:            <%= form.text_field :email %>
7:        </div>
8:    
9:        <div>
10:            <%= form.label Senha %><br>
11:            <%= form.text_area :password %>
12:        </div>
13:    
14:        <div>
15:            <%= form.submit "Entrar" %>
16:        </div>
17:    
18:         <h1>Bem vindo ao CAAMAR</h1>
19:        <% end %>
20:    </div>
  
app/views/home/index.html.erb:22: syntax error, unexpected `end'
Started GET "/home/index" for ::1 at 2024-06-10 15:38:57 -0300
Processing by HomeController#index as HTML
  Rendering layout layouts/application.html.erb
  Rendering home/index.html.erb within layouts/application
  Rendered home/index.html.erb within layouts/application (Duration: 1.8ms | Allocations: 1245)
  Rendered layout layouts/application.html.erb (Duration: 2.0ms | Allocations: 1344)
Completed 500 Internal Server Error in 5ms (ActiveRecord: 0.0ms | Allocations: 1606)


  
ActionView::SyntaxErrorInTemplate (Encountered a syntax error while rendering template: check <div class="main_pg_container">

    <%= form_with %>
    <div>
        <%= form.label "Email" %><br>
        <%= form.text_field :email %>
    </div>

    <div>
        <%= form.label Senha %><br>
        <%= form.text_area :password %>
    </div>

    <div>
        <%= form.submit "Entrar" %>
    </div>

     <h1>Bem vindo ao CAAMAR</h1>
    <% end %>
</div>
):
1:    <div class="main_pg_container">
2:    
3:        <%= form_with %>
4:        <div>
5:            <%= form.label "Email" %><br>
6:            <%= form.text_field :email %>
7:        </div>
8:    
9:        <div>
10:            <%= form.label Senha %><br>
11:            <%= form.text_area :password %>
12:        </div>
13:    
14:        <div>
15:            <%= form.submit "Entrar" %>
16:        </div>
17:    
18:         <h1>Bem vindo ao CAAMAR</h1>
19:        <% end %>
20:    </div>
  
app/views/home/index.html.erb:22: syntax error, unexpected `end'
Started GET "/home/index" for ::1 at 2024-06-10 15:41:31 -0300
Processing by HomeController#index as HTML
  Rendering layout layouts/application.html.erb
  Rendering home/index.html.erb within layouts/application
  Rendered home/index.html.erb within layouts/application (Duration: 0.3ms | Allocations: 1202)
  Rendered layout layouts/application.html.erb (Duration: 0.4ms | Allocations: 1302)
Completed 500 Internal Server Error in 2ms (ActiveRecord: 0.0ms | Allocations: 2221)


  
ActionView::SyntaxErrorInTemplate (Encountered a syntax error while rendering template: check <div class="main_pg_container">

    <%= form_with %>
    <div>
        <%= form.label "Email" %><br>
        <%= form.text_field :email %>
    </div>

    <div>
        <%= form.label Senha %><br>
        <%= form.text_area :password %>
    </div>

    <div>
        <%= form.submit "Entrar" %>
    </div>

     <h1>Bem vindo ao CAAMAR</h1>
    <% end %>
</div>
):
1:    <div class="main_pg_container">
2:    
3:        <%= form_with %>
4:        <div>
5:            <%= form.label "Email" %><br>
6:            <%= form.text_field :email %>
7:        </div>
8:    
9:        <div>
10:            <%= form.label Senha %><br>
11:            <%= form.text_area :password %>
12:        </div>
13:    
14:        <div>
15:            <%= form.submit "Entrar" %>
16:        </div>
17:    
18:         <h1>Bem vindo ao CAAMAR</h1>
19:        <% end %>
20:    </div>
  
app/views/home/index.html.erb:22: syntax error, unexpected `end'
Started GET "/home/index" for ::1 at 2024-06-10 15:41:34 -0300
Processing by HomeController#index as HTML
  Rendering layout layouts/application.html.erb
  Rendering home/index.html.erb within layouts/application
  Rendered home/index.html.erb within layouts/application (Duration: 1.3ms | Allocations: 1244)
  Rendered layout layouts/application.html.erb (Duration: 2.1ms | Allocations: 1343)
Completed 500 Internal Server Error in 4ms (ActiveRecord: 0.0ms | Allocations: 1601)


  
ActionView::SyntaxErrorInTemplate (Encountered a syntax error while rendering template: check <div class="main_pg_container">

    <%= form_with %>
    <div>
        <%= form.label "Email" %><br>
        <%= form.text_field :email %>
    </div>

    <div>
        <%= form.label Senha %><br>
        <%= form.text_area :password %>
    </div>

    <div>
        <%= form.submit "Entrar" %>
    </div>

     <h1>Bem vindo ao CAAMAR</h1>
    <% end %>
</div>
):
1:    <div class="main_pg_container">
2:    
3:        <%= form_with %>
4:        <div>
5:            <%= form.label "Email" %><br>
6:            <%= form.text_field :email %>
7:        </div>
8:    
9:        <div>
10:            <%= form.label Senha %><br>
11:            <%= form.text_area :password %>
12:        </div>
13:    
14:        <div>
15:            <%= form.submit "Entrar" %>
16:        </div>
17:    
18:         <h1>Bem vindo ao CAAMAR</h1>
19:        <% end %>
20:    </div>
  
app/views/home/index.html.erb:22: syntax error, unexpected `end'
Started GET "/home/index" for ::1 at 2024-06-10 15:41:36 -0300
Processing by HomeController#index as HTML
  Rendering layout layouts/application.html.erb
  Rendering home/index.html.erb within layouts/application
  Rendered home/index.html.erb within layouts/application (Duration: 1.1ms | Allocations: 1244)
  Rendered layout layouts/application.html.erb (Duration: 1.3ms | Allocations: 1343)
Completed 500 Internal Server Error in 3ms (ActiveRecord: 0.0ms | Allocations: 1601)


  
ActionView::SyntaxErrorInTemplate (Encountered a syntax error while rendering template: check <div class="main_pg_container">

    <%= form_with %>
    <div>
        <%= form.label "Email" %><br>
        <%= form.text_field :email %>
    </div>

    <div>
        <%= form.label Senha %><br>
        <%= form.text_area :password %>
    </div>

    <div>
        <%= form.submit "Entrar" %>
    </div>

     <h1>Bem vindo ao CAAMAR</h1>
    <% end %>
</div>
):
1:    <div class="main_pg_container">
2:    
3:        <%= form_with %>
4:        <div>
5:            <%= form.label "Email" %><br>
6:            <%= form.text_field :email %>
7:        </div>
8:    
9:        <div>
10:            <%= form.label Senha %><br>
11:            <%= form.text_area :password %>
12:        </div>
13:    
14:        <div>
15:            <%= form.submit "Entrar" %>
16:        </div>
17:    
18:         <h1>Bem vindo ao CAAMAR</h1>
19:        <% end %>
20:    </div>
  
app/views/home/index.html.erb:22: syntax error, unexpected `end'
Started GET "/" for ::1 at 2024-06-10 15:41:38 -0300
Processing by HomeController#index as HTML
  Rendering layout layouts/application.html.erb
  Rendering home/index.html.erb within layouts/application
  Rendered home/index.html.erb within layouts/application (Duration: 0.9ms | Allocations: 1244)
  Rendered layout layouts/application.html.erb (Duration: 1.2ms | Allocations: 1343)
Completed 500 Internal Server Error in 2ms (ActiveRecord: 0.0ms | Allocations: 1601)


  
ActionView::SyntaxErrorInTemplate (Encountered a syntax error while rendering template: check <div class="main_pg_container">

    <%= form_with %>
    <div>
        <%= form.label "Email" %><br>
        <%= form.text_field :email %>
    </div>

    <div>
        <%= form.label Senha %><br>
        <%= form.text_area :password %>
    </div>

    <div>
        <%= form.submit "Entrar" %>
    </div>

     <h1>Bem vindo ao CAAMAR</h1>
    <% end %>
</div>
):
1:    <div class="main_pg_container">
2:    
3:        <%= form_with %>
4:        <div>
5:            <%= form.label "Email" %><br>
6:            <%= form.text_field :email %>
7:        </div>
8:    
9:        <div>
10:            <%= form.label Senha %><br>
11:            <%= form.text_area :password %>
12:        </div>
13:    
14:        <div>
15:            <%= form.submit "Entrar" %>
16:        </div>
17:    
18:         <h1>Bem vindo ao CAAMAR</h1>
19:        <% end %>
20:    </div>
  
app/views/home/index.html.erb:22: syntax error, unexpected `end'
Started GET "/" for ::1 at 2024-06-10 15:43:54 -0300
Processing by HomeController#index as HTML
  Rendering layout layouts/application.html.erb
  Rendering home/index.html.erb within layouts/application
  Rendered home/index.html.erb within layouts/application (Duration: 0.4ms | Allocations: 1198)
  Rendered layout layouts/application.html.erb (Duration: 0.5ms | Allocations: 1298)
Completed 500 Internal Server Error in 2ms (ActiveRecord: 0.0ms | Allocations: 2212)


  
ActionView::SyntaxErrorInTemplate (Encountered a syntax error while rendering template: check <div class="main_pg_container">

    <%= form_with %>
    <div>
        <%= form.label "Email" %><br>
        <%= form.text_field :email %>
    </div>

    <div>
        <%= form.label Senha %><br>
        <%= form.text_area :password %>
    </div>

    <div>
        <%= form.submit "Entrar" %>
    </div>

     <h1>Bem vindo ao CAAMAR</h1>
    <% end %>
</div>
):
1:    <div class="main_pg_container">
2:    
3:        <%= form_with %>
4:        <div>
5:            <%= form.label "Email" %><br>
6:            <%= form.text_field :email %>
7:        </div>
8:    
9:        <div>
10:            <%= form.label Senha %><br>
11:            <%= form.text_area :password %>
12:        </div>
13:    
14:        <div>
15:            <%= form.submit "Entrar" %>
16:        </div>
17:    
18:         <h1>Bem vindo ao CAAMAR</h1>
19:        <% end %>
20:    </div>
  
app/views/home/index.html.erb:22: syntax error, unexpected `end'
Started GET "/" for ::1 at 2024-06-10 15:44:15 -0300
Processing by HomeController#index as HTML
  Rendering layout layouts/application.html.erb
  Rendering home/index.html.erb within layouts/application
  Rendered home/index.html.erb within layouts/application (Duration: 0.4ms | Allocations: 1245)
  Rendered layout layouts/application.html.erb (Duration: 0.4ms | Allocations: 1337)
Completed 500 Internal Server Error in 2ms (ActiveRecord: 0.0ms | Allocations: 2230)


  
ActionView::Template::Error (undefined local variable or method `form' for #<ActionView::Base:0x00000000015b80>):
    2: 
    3:     <%= form_with %>
    4:     <div>
    5:         <%= form.label "Email" %><br>
    6:         <%= form.text_field :email %>
    7:     </div>
    8: 
  
app/views/home/index.html.erb:5
Started GET "/" for ::1 at 2024-06-10 15:44:31 -0300
Processing by HomeController#index as HTML
  Rendering layout layouts/application.html.erb
  Rendering home/index.html.erb within layouts/application
  Rendered home/index.html.erb within layouts/application (Duration: 0.3ms | Allocations: 331)
  Rendered layout layouts/application.html.erb (Duration: 35.8ms | Allocations: 45296)
Completed 200 OK in 37ms (Views: 36.7ms | ActiveRecord: 0.0ms | Allocations: 46247)


Started GET "/" for ::1 at 2024-06-10 15:44:32 -0300
Processing by HomeController#index as HTML
  Rendering layout layouts/application.html.erb
  Rendering home/index.html.erb within layouts/application
  Rendered home/index.html.erb within layouts/application (Duration: 0.1ms | Allocations: 7)
  Rendered layout layouts/application.html.erb (Duration: 14.4ms | Allocations: 1579)
Completed 200 OK in 16ms (Views: 15.2ms | ActiveRecord: 0.0ms | Allocations: 1830)


Started GET "/" for ::1 at 2024-06-10 15:46:26 -0300
Processing by HomeController#index as HTML
  Rendering layout layouts/application.html.erb
  Rendering home/index.html.erb within layouts/application
  Rendered home/index.html.erb within layouts/application (Duration: 0.4ms | Allocations: 108)
  Rendered layout layouts/application.html.erb (Duration: 9.9ms | Allocations: 18759)
Completed 200 OK in 11ms (Views: 10.7ms | ActiveRecord: 0.0ms | Allocations: 19670)


Started GET "/" for ::1 at 2024-06-10 15:46:38 -0300
Processing by HomeController#index as HTML
  Rendering layout layouts/application.html.erb
  Rendering home/index.html.erb within layouts/application
  Rendered home/index.html.erb within layouts/application (Duration: 0.1ms | Allocations: 103)
  Rendered layout layouts/application.html.erb (Duration: 9.0ms | Allocations: 18730)
Completed 200 OK in 10ms (Views: 9.7ms | ActiveRecord: 0.0ms | Allocations: 19639)


Started GET "/" for ::1 at 2024-06-10 15:47:15 -0300
Processing by HomeController#index as HTML
  Rendering layout layouts/application.html.erb
  Rendering home/index.html.erb within layouts/application
  Rendered home/index.html.erb within layouts/application (Duration: 0.1ms | Allocations: 107)
  Rendered layout layouts/application.html.erb (Duration: 8.3ms | Allocations: 18665)
Completed 200 OK in 10ms (Views: 9.1ms | ActiveRecord: 0.0ms | Allocations: 19576)


Started GET "/" for ::1 at 2024-06-10 15:47:16 -0300
Processing by HomeController#index as HTML
  Rendering layout layouts/application.html.erb
  Rendering home/index.html.erb within layouts/application
  Rendered home/index.html.erb within layouts/application (Duration: 0.1ms | Allocations: 7)
  Rendered layout layouts/application.html.erb (Duration: 4.8ms | Allocations: 1590)
Completed 200 OK in 7ms (Views: 5.8ms | ActiveRecord: 0.0ms | Allocations: 1840)


Started GET "/" for ::1 at 2024-06-10 15:48:41 -0300
Processing by HomeController#index as HTML
  Rendering layout layouts/application.html.erb
  Rendering home/index.html.erb within layouts/application
  Rendered home/index.html.erb within layouts/application (Duration: 0.2ms | Allocations: 110)
  Rendered layout layouts/application.html.erb (Duration: 10.0ms | Allocations: 18757)
Completed 200 OK in 11ms (Views: 10.9ms | ActiveRecord: 0.0ms | Allocations: 19669)


Started GET "/" for ::1 at 2024-06-10 15:49:25 -0300
Processing by HomeController#index as HTML
  Rendering layout layouts/application.html.erb
  Rendering home/index.html.erb within layouts/application
  Rendered home/index.html.erb within layouts/application (Duration: 0.3ms | Allocations: 112)
  Rendered layout layouts/application.html.erb (Duration: 18.2ms | Allocations: 18749)
Completed 200 OK in 20ms (Views: 19.2ms | ActiveRecord: 0.0ms | Allocations: 19658)


Started GET "/" for ::1 at 2024-06-10 15:50:29 -0300
Processing by HomeController#index as HTML
  Rendering layout layouts/application.html.erb
  Rendering home/index.html.erb within layouts/application
  Rendered home/index.html.erb within layouts/application (Duration: 0.1ms | Allocations: 7)
  Rendered layout layouts/application.html.erb (Duration: 21.2ms | Allocations: 3089)
Completed 200 OK in 23ms (Views: 21.9ms | ActiveRecord: 0.0ms | Allocations: 3339)


Started GET "/" for ::1 at 2024-06-10 15:51:24 -0300
Processing by HomeController#index as HTML
  Rendering layout layouts/application.html.erb
  Rendering home/index.html.erb within layouts/application
  Rendered home/index.html.erb within layouts/application (Duration: 0.1ms | Allocations: 7)
  Rendered layout layouts/application.html.erb (Duration: 23.8ms | Allocations: 3077)
Completed 200 OK in 27ms (Views: 25.2ms | ActiveRecord: 0.0ms | Allocations: 3327)


Started GET "/" for ::1 at 2024-06-10 15:51:37 -0300
Processing by HomeController#index as HTML
  Rendering layout layouts/application.html.erb
  Rendering home/index.html.erb within layouts/application
  Rendered home/index.html.erb within layouts/application (Duration: 0.0ms | Allocations: 7)
  Rendered layout layouts/application.html.erb (Duration: 11.4ms | Allocations: 3075)
Completed 200 OK in 13ms (Views: 12.4ms | ActiveRecord: 0.0ms | Allocations: 3325)


Started GET "/" for ::1 at 2024-06-10 15:51:48 -0300
Processing by HomeController#index as HTML
  Rendering layout layouts/application.html.erb
  Rendering home/index.html.erb within layouts/application
  Rendered home/index.html.erb within layouts/application (Duration: 0.3ms | Allocations: 7)
  Rendered layout layouts/application.html.erb (Duration: 14.5ms | Allocations: 3064)
Completed 200 OK in 18ms (Views: 16.1ms | ActiveRecord: 0.0ms | Allocations: 3314)


Started GET "/" for ::1 at 2024-06-10 15:51:49 -0300
Processing by HomeController#index as HTML
  Rendering layout layouts/application.html.erb
  Rendering home/index.html.erb within layouts/application
  Rendered home/index.html.erb within layouts/application (Duration: 0.1ms | Allocations: 7)
  Rendered layout layouts/application.html.erb (Duration: 3.7ms | Allocations: 1569)
Completed 200 OK in 6ms (Views: 4.6ms | ActiveRecord: 0.0ms | Allocations: 1819)


Started GET "/" for ::1 at 2024-06-10 15:51:49 -0300
Processing by HomeController#index as HTML
  Rendering layout layouts/application.html.erb
  Rendering home/index.html.erb within layouts/application
  Rendered home/index.html.erb within layouts/application (Duration: 0.1ms | Allocations: 7)
  Rendered layout layouts/application.html.erb (Duration: 5.3ms | Allocations: 1558)
Completed 200 OK in 7ms (Views: 6.1ms | ActiveRecord: 0.0ms | Allocations: 1808)


Started GET "/" for ::1 at 2024-06-10 15:51:49 -0300
Processing by HomeController#index as HTML
  Rendering layout layouts/application.html.erb
  Rendering home/index.html.erb within layouts/application
  Rendered home/index.html.erb within layouts/application (Duration: 0.0ms | Allocations: 7)
  Rendered layout layouts/application.html.erb (Duration: 3.5ms | Allocations: 1569)
Completed 200 OK in 5ms (Views: 4.1ms | ActiveRecord: 0.0ms | Allocations: 1820)


Started GET "/" for ::1 at 2024-06-10 15:51:49 -0300
Processing by HomeController#index as HTML
  Rendering layout layouts/application.html.erb
  Rendering home/index.html.erb within layouts/application
  Rendered home/index.html.erb within layouts/application (Duration: 0.0ms | Allocations: 7)
  Rendered layout layouts/application.html.erb (Duration: 3.9ms | Allocations: 1569)
Completed 200 OK in 5ms (Views: 4.6ms | ActiveRecord: 0.0ms | Allocations: 1819)


Started GET "/" for ::1 at 2024-06-10 15:52:23 -0300
Processing by HomeController#index as HTML
  Rendering layout layouts/application.html.erb
  Rendering home/index.html.erb within layouts/application
  Rendered home/index.html.erb within layouts/application (Duration: 0.1ms | Allocations: 7)
  Rendered layout layouts/application.html.erb (Duration: 7.3ms | Allocations: 1566)
Completed 200 OK in 11ms (Views: 9.2ms | ActiveRecord: 0.0ms | Allocations: 1816)


Started GET "/" for ::1 at 2024-06-10 15:52:46 -0300
Processing by HomeController#index as HTML
  Rendering layout layouts/application.html.erb
  Rendering home/index.html.erb within layouts/application
  Rendered home/index.html.erb within layouts/application (Duration: 0.2ms | Allocations: 116)
  Rendered layout layouts/application.html.erb (Duration: 8.5ms | Allocations: 18764)
Completed 200 OK in 10ms (Views: 9.4ms | ActiveRecord: 0.0ms | Allocations: 19676)


Started GET "/" for ::1 at 2024-06-10 15:52:47 -0300
Processing by HomeController#index as HTML
  Rendering layout layouts/application.html.erb
  Rendering home/index.html.erb within layouts/application
  Rendered home/index.html.erb within layouts/application (Duration: 0.1ms | Allocations: 7)
  Rendered layout layouts/application.html.erb (Duration: 4.6ms | Allocations: 1560)
Completed 200 OK in 7ms (Views: 5.6ms | ActiveRecord: 0.0ms | Allocations: 1810)


Started GET "/" for ::1 at 2024-06-10 15:53:37 -0300
Processing by HomeController#index as HTML
  Rendering layout layouts/application.html.erb
  Rendering home/index.html.erb within layouts/application
  Rendered home/index.html.erb within layouts/application (Duration: 0.2ms | Allocations: 7)
  Rendered layout layouts/application.html.erb (Duration: 15.9ms | Allocations: 3067)
Completed 200 OK in 20ms (Views: 17.6ms | ActiveRecord: 0.0ms | Allocations: 3317)


Started GET "/" for ::1 at 2024-06-10 15:53:53 -0300
Processing by HomeController#index as HTML
  Rendering layout layouts/application.html.erb
  Rendering home/index.html.erb within layouts/application
  Rendered home/index.html.erb within layouts/application (Duration: 0.0ms | Allocations: 7)
  Rendered layout layouts/application.html.erb (Duration: 11.9ms | Allocations: 3087)
Completed 200 OK in 13ms (Views: 12.7ms | ActiveRecord: 0.0ms | Allocations: 3337)


Started GET "/" for ::1 at 2024-06-10 15:54:16 -0300
Processing by HomeController#index as HTML
  Rendering layout layouts/application.html.erb
  Rendering home/index.html.erb within layouts/application
  Rendered home/index.html.erb within layouts/application (Duration: 0.2ms | Allocations: 114)
  Rendered layout layouts/application.html.erb (Duration: 7.8ms | Allocations: 18767)
Completed 200 OK in 9ms (Views: 8.6ms | ActiveRecord: 0.0ms | Allocations: 19679)


Started GET "/" for ::1 at 2024-06-10 15:55:10 -0300
Processing by HomeController#index as HTML
  Rendering layout layouts/application.html.erb
  Rendering home/index.html.erb within layouts/application
  Rendered home/index.html.erb within layouts/application (Duration: 0.2ms | Allocations: 111)
  Rendered layout layouts/application.html.erb (Duration: 15.6ms | Allocations: 18788)
Completed 200 OK in 20ms (Views: 18.1ms | ActiveRecord: 0.0ms | Allocations: 19697)


Started GET "/" for ::1 at 2024-06-10 15:55:11 -0300
Processing by HomeController#index as HTML
  Rendering layout layouts/application.html.erb
  Rendering home/index.html.erb within layouts/application
  Rendered home/index.html.erb within layouts/application (Duration: 0.0ms | Allocations: 7)
  Rendered layout layouts/application.html.erb (Duration: 4.2ms | Allocations: 1575)
Completed 200 OK in 6ms (Views: 4.8ms | ActiveRecord: 0.0ms | Allocations: 1825)


Started GET "/" for ::1 at 2024-06-10 15:55:56 -0300
Processing by HomeController#index as HTML
  Rendering layout layouts/application.html.erb
  Rendering home/index.html.erb within layouts/application
  Rendered home/index.html.erb within layouts/application (Duration: 0.3ms | Allocations: 115)
  Rendered layout layouts/application.html.erb (Duration: 12.7ms | Allocations: 18700)
Completed 200 OK in 15ms (Views: 13.8ms | ActiveRecord: 0.0ms | Allocations: 19612)


Started GET "/" for ::1 at 2024-06-10 15:55:57 -0300
Processing by HomeController#index as HTML
  Rendering layout layouts/application.html.erb
  Rendering home/index.html.erb within layouts/application
  Rendered home/index.html.erb within layouts/application (Duration: 0.0ms | Allocations: 7)
  Rendered layout layouts/application.html.erb (Duration: 2.6ms | Allocations: 1575)
Completed 200 OK in 4ms (Views: 3.1ms | ActiveRecord: 0.0ms | Allocations: 1825)


Started GET "/" for ::1 at 2024-06-10 15:56:19 -0300
Processing by HomeController#index as HTML
  Rendering layout layouts/application.html.erb
  Rendering home/index.html.erb within layouts/application
  Rendered home/index.html.erb within layouts/application (Duration: 0.2ms | Allocations: 113)
  Rendered layout layouts/application.html.erb (Duration: 8.4ms | Allocations: 18797)
Completed 200 OK in 10ms (Views: 9.2ms | ActiveRecord: 0.0ms | Allocations: 19709)


Started GET "/" for ::1 at 2024-06-10 15:56:36 -0300
Processing by HomeController#index as HTML
  Rendering layout layouts/application.html.erb
  Rendering home/index.html.erb within layouts/application
  Rendered home/index.html.erb within layouts/application (Duration: 0.1ms | Allocations: 7)
  Rendered layout layouts/application.html.erb (Duration: 13.2ms | Allocations: 3085)
Completed 200 OK in 16ms (Views: 14.5ms | ActiveRecord: 0.0ms | Allocations: 3335)


Started GET "/" for ::1 at 2024-06-10 15:57:08 -0300
Processing by HomeController#index as HTML
  Rendering layout layouts/application.html.erb
  Rendering home/index.html.erb within layouts/application
  Rendered home/index.html.erb within layouts/application (Duration: 0.2ms | Allocations: 7)
  Rendered layout layouts/application.html.erb (Duration: 13.4ms | Allocations: 3084)
Completed 200 OK in 16ms (Views: 14.6ms | ActiveRecord: 0.0ms | Allocations: 3334)


Started GET "/" for ::1 at 2024-06-10 15:57:09 -0300
Processing by HomeController#index as HTML
  Rendering layout layouts/application.html.erb
  Rendering home/index.html.erb within layouts/application
  Rendered home/index.html.erb within layouts/application (Duration: 0.1ms | Allocations: 7)
  Rendered layout layouts/application.html.erb (Duration: 4.1ms | Allocations: 1572)
Completed 200 OK in 6ms (Views: 5.0ms | ActiveRecord: 0.0ms | Allocations: 1822)


Started GET "/" for ::1 at 2024-06-10 15:57:14 -0300
Processing by HomeController#index as HTML
  Rendering layout layouts/application.html.erb
  Rendering home/index.html.erb within layouts/application
  Rendered home/index.html.erb within layouts/application (Duration: 0.0ms | Allocations: 7)
  Rendered layout layouts/application.html.erb (Duration: 12.2ms | Allocations: 3051)
Completed 200 OK in 15ms (Views: 12.9ms | ActiveRecord: 0.0ms | Allocations: 3301)


Started GET "/" for ::1 at 2024-06-10 15:59:17 -0300
Processing by HomeController#index as HTML
  Rendering layout layouts/application.html.erb
  Rendering home/index.html.erb within layouts/application
  Rendered home/index.html.erb within layouts/application (Duration: 0.2ms | Allocations: 111)
  Rendered layout layouts/application.html.erb (Duration: 19.0ms | Allocations: 20144)
Completed 200 OK in 21ms (Views: 20.1ms | ActiveRecord: 0.0ms | Allocations: 21055)


Started GET "/" for ::1 at 2024-06-10 16:01:20 -0300
Processing by HomeController#index as HTML
  Rendering layout layouts/application.html.erb
  Rendering home/index.html.erb within layouts/application
  Rendered home/index.html.erb within layouts/application (Duration: 0.1ms | Allocations: 7)
  Rendered layout layouts/application.html.erb (Duration: 24.6ms | Allocations: 3053)
Completed 200 OK in 29ms (Views: 25.8ms | ActiveRecord: 0.0ms | Allocations: 3303)


Started GET "/" for ::1 at 2024-06-10 16:02:08 -0300
Processing by HomeController#index as HTML
  Rendering layout layouts/application.html.erb
  Rendering home/index.html.erb within layouts/application
  Rendered home/index.html.erb within layouts/application (Duration: 0.2ms | Allocations: 7)
  Rendered layout layouts/application.html.erb (Duration: 13.2ms | Allocations: 3084)
Completed 200 OK in 16ms (Views: 14.4ms | ActiveRecord: 0.0ms | Allocations: 3334)


Started GET "/" for ::1 at 2024-06-10 16:02:16 -0300
  [1m[36mActiveRecord::SchemaMigration Load (0.1ms)[0m  [1m[34mSELECT "schema_migrations"."version" FROM "schema_migrations" ORDER BY "schema_migrations"."version" ASC[0m
Processing by HomeController#index as HTML
  Rendering layout layouts/application.html.erb
  Rendering home/index.html.erb within layouts/application
  Rendered home/index.html.erb within layouts/application (Duration: 0.2ms | Allocations: 201)
  Rendered layout layouts/application.html.erb (Duration: 58.2ms | Allocations: 45673)
Completed 200 OK in 64ms (Views: 60.1ms | ActiveRecord: 0.0ms | Allocations: 49774)


Started GET "/" for ::1 at 2024-06-10 16:02:16 -0300
Processing by HomeController#index as HTML
  Rendering layout layouts/application.html.erb
  Rendering home/index.html.erb within layouts/application
  Rendered home/index.html.erb within layouts/application (Duration: 0.0ms | Allocations: 7)
  Rendered layout layouts/application.html.erb (Duration: 2.4ms | Allocations: 1577)
Completed 200 OK in 4ms (Views: 3.3ms | ActiveRecord: 0.0ms | Allocations: 1832)


Started GET "/" for ::1 at 2024-06-10 16:03:37 -0300
Processing by HomeController#index as HTML
  Rendering layout layouts/application.html.erb
  Rendering home/index.html.erb within layouts/application
  Rendered home/index.html.erb within layouts/application (Duration: 0.2ms | Allocations: 7)
  Rendered layout layouts/application.html.erb (Duration: 25.1ms | Allocations: 3120)
Completed 200 OK in 28ms (Views: 26.4ms | ActiveRecord: 0.0ms | Allocations: 3374)


Started GET "/" for ::1 at 2024-06-10 16:04:42 -0300
Processing by HomeController#index as HTML
  Rendering layout layouts/application.html.erb
  Rendering home/index.html.erb within layouts/application
  Rendered home/index.html.erb within layouts/application (Duration: 0.2ms | Allocations: 7)
  Rendered layout layouts/application.html.erb (Duration: 12.6ms | Allocations: 3091)
Completed 200 OK in 15ms (Views: 13.6ms | ActiveRecord: 0.0ms | Allocations: 3345)


Started GET "/" for ::1 at 2024-06-10 16:06:01 -0300
Processing by HomeController#index as HTML
  Rendering layout layouts/application.html.erb
  Rendering home/index.html.erb within layouts/application
  Rendered home/index.html.erb within layouts/application (Duration: 0.2ms | Allocations: 7)
  Rendered layout layouts/application.html.erb (Duration: 12.6ms | Allocations: 3087)
Completed 200 OK in 15ms (Views: 13.9ms | ActiveRecord: 0.0ms | Allocations: 3341)


Started GET "/" for ::1 at 2024-06-10 16:06:08 -0300
Processing by HomeController#index as HTML
  Rendering layout layouts/application.html.erb
  Rendering home/index.html.erb within layouts/application
  Rendered home/index.html.erb within layouts/application (Duration: 0.1ms | Allocations: 7)
  Rendered layout layouts/application.html.erb (Duration: 11.6ms | Allocations: 3098)
Completed 200 OK in 14ms (Views: 12.5ms | ActiveRecord: 0.0ms | Allocations: 3348)


Started GET "/" for ::1 at 2024-06-10 16:06:12 -0300
Processing by HomeController#index as HTML
  Rendering layout layouts/application.html.erb
  Rendering home/index.html.erb within layouts/application
  Rendered home/index.html.erb within layouts/application (Duration: 0.1ms | Allocations: 7)
  Rendered layout layouts/application.html.erb (Duration: 9.0ms | Allocations: 3071)
Completed 200 OK in 11ms (Views: 9.9ms | ActiveRecord: 0.0ms | Allocations: 3321)


Started GET "/" for ::1 at 2024-06-10 16:06:26 -0300
Processing by HomeController#index as HTML
  Rendering layout layouts/application.html.erb
  Rendering home/index.html.erb within layouts/application
  Rendered home/index.html.erb within layouts/application (Duration: 0.1ms | Allocations: 7)
  Rendered layout layouts/application.html.erb (Duration: 25.3ms | Allocations: 3076)
Completed 200 OK in 27ms (Views: 26.1ms | ActiveRecord: 0.0ms | Allocations: 3326)


Started GET "/" for ::1 at 2024-06-10 16:07:03 -0300
Processing by HomeController#index as HTML
  Rendering layout layouts/application.html.erb
  Rendering home/index.html.erb within layouts/application
  Rendered home/index.html.erb within layouts/application (Duration: 0.2ms | Allocations: 7)
  Rendered layout layouts/application.html.erb (Duration: 18.6ms | Allocations: 3095)
Completed 200 OK in 21ms (Views: 19.8ms | ActiveRecord: 0.0ms | Allocations: 3345)


Started GET "/" for ::1 at 2024-06-10 16:07:12 -0300
Processing by HomeController#index as HTML
  Rendering layout layouts/application.html.erb
  Rendering home/index.html.erb within layouts/application
  Rendered home/index.html.erb within layouts/application (Duration: 0.1ms | Allocations: 7)
  Rendered layout layouts/application.html.erb (Duration: 14.2ms | Allocations: 3100)
Completed 200 OK in 16ms (Views: 15.1ms | ActiveRecord: 0.0ms | Allocations: 3350)


Started GET "/" for ::1 at 2024-06-10 16:07:44 -0300
Processing by HomeController#index as HTML
  Rendering layout layouts/application.html.erb
  Rendering home/index.html.erb within layouts/application
  Rendered home/index.html.erb within layouts/application (Duration: 0.2ms | Allocations: 7)
  Rendered layout layouts/application.html.erb (Duration: 6.5ms | Allocations: 1569)
Completed 200 OK in 9ms (Views: 7.6ms | ActiveRecord: 0.0ms | Allocations: 1819)


Started GET "/" for ::1 at 2024-06-10 16:07:52 -0300
Processing by HomeController#index as HTML
  Rendering layout layouts/application.html.erb
  Rendering home/index.html.erb within layouts/application
  Rendered home/index.html.erb within layouts/application (Duration: 0.1ms | Allocations: 7)
  Rendered layout layouts/application.html.erb (Duration: 14.5ms | Allocations: 3091)
Completed 200 OK in 16ms (Views: 15.1ms | ActiveRecord: 0.0ms | Allocations: 3341)


Started GET "/" for ::1 at 2024-06-10 16:07:57 -0300
Processing by HomeController#index as HTML
  Rendering layout layouts/application.html.erb
  Rendering home/index.html.erb within layouts/application
  Rendered home/index.html.erb within layouts/application (Duration: 0.0ms | Allocations: 7)
  Rendered layout layouts/application.html.erb (Duration: 10.4ms | Allocations: 3094)
Completed 200 OK in 12ms (Views: 11.1ms | ActiveRecord: 0.0ms | Allocations: 3344)


Started GET "/" for ::1 at 2024-06-10 16:09:21 -0300
Processing by HomeController#index as HTML
  Rendering layout layouts/application.html.erb
  Rendering home/index.html.erb within layouts/application
  Rendered home/index.html.erb within layouts/application (Duration: 0.2ms | Allocations: 7)
  Rendered layout layouts/application.html.erb (Duration: 13.2ms | Allocations: 3090)
Completed 200 OK in 17ms (Views: 14.5ms | ActiveRecord: 0.0ms | Allocations: 3340)


Started GET "/" for ::1 at 2024-06-10 16:10:07 -0300
Processing by HomeController#index as HTML
  Rendering layout layouts/application.html.erb
  Rendering home/index.html.erb within layouts/application
  Rendered home/index.html.erb within layouts/application (Duration: 0.4ms | Allocations: 7)
  Rendered layout layouts/application.html.erb (Duration: 35.9ms | Allocations: 3081)
Completed 200 OK in 52ms (Views: 48.1ms | ActiveRecord: 0.0ms | Allocations: 3332)


Started GET "/" for ::1 at 2024-06-10 16:10:18 -0300
Processing by HomeController#index as HTML
  Rendering layout layouts/application.html.erb
  Rendering home/index.html.erb within layouts/application
  Rendered home/index.html.erb within layouts/application (Duration: 0.1ms | Allocations: 7)
  Rendered layout layouts/application.html.erb (Duration: 13.5ms | Allocations: 3082)
Completed 200 OK in 15ms (Views: 14.3ms | ActiveRecord: 0.0ms | Allocations: 3332)


Started GET "/" for ::1 at 2024-06-10 16:10:59 -0300
Processing by HomeController#index as HTML
  Rendering layout layouts/application.html.erb
  Rendering home/index.html.erb within layouts/application
  Rendered home/index.html.erb within layouts/application (Duration: 0.2ms | Allocations: 116)
  Rendered layout layouts/application.html.erb (Duration: 9.2ms | Allocations: 18791)
Completed 200 OK in 11ms (Views: 10.1ms | ActiveRecord: 0.0ms | Allocations: 19704)


Started GET "/" for ::1 at 2024-06-10 16:11:05 -0300
Processing by HomeController#index as HTML
  Rendering layout layouts/application.html.erb
  Rendering home/index.html.erb within layouts/application
  Rendered home/index.html.erb within layouts/application (Duration: 0.1ms | Allocations: 114)
  Rendered layout layouts/application.html.erb (Duration: 7.2ms | Allocations: 18781)
Completed 200 OK in 8ms (Views: 7.9ms | ActiveRecord: 0.0ms | Allocations: 19694)


Started GET "/" for ::1 at 2024-06-10 16:11:24 -0300
Processing by HomeController#index as HTML
  Rendering layout layouts/application.html.erb
  Rendering home/index.html.erb within layouts/application
  Rendered home/index.html.erb within layouts/application (Duration: 0.1ms | Allocations: 115)
  Rendered layout layouts/application.html.erb (Duration: 10.9ms | Allocations: 20280)
Completed 200 OK in 12ms (Views: 11.6ms | ActiveRecord: 0.0ms | Allocations: 21194)


Started GET "/" for ::1 at 2024-06-10 16:11:34 -0300
Processing by HomeController#index as HTML
  Rendering layout layouts/application.html.erb
  Rendering home/index.html.erb within layouts/application
  Rendered home/index.html.erb within layouts/application (Duration: 0.2ms | Allocations: 113)
  Rendered layout layouts/application.html.erb (Duration: 9.1ms | Allocations: 18575)
Completed 200 OK in 11ms (Views: 10.1ms | ActiveRecord: 0.0ms | Allocations: 19488)


Started GET "/" for ::1 at 2024-06-10 16:13:11 -0300
Processing by HomeController#index as HTML
  Rendering layout layouts/application.html.erb
  Rendering home/index.html.erb within layouts/application
  Rendered home/index.html.erb within layouts/application (Duration: 0.2ms | Allocations: 117)
  Rendered layout layouts/application.html.erb (Duration: 40.3ms | Allocations: 20276)
Completed 200 OK in 42ms (Views: 41.2ms | ActiveRecord: 0.0ms | Allocations: 21189)


Started GET "/" for ::1 at 2024-06-10 16:13:18 -0300
Processing by HomeController#index as HTML
  Rendering layout layouts/application.html.erb
  Rendering home/index.html.erb within layouts/application
  Rendered home/index.html.erb within layouts/application (Duration: 0.0ms | Allocations: 7)
  Rendered layout layouts/application.html.erb (Duration: 13.1ms | Allocations: 3088)
Completed 200 OK in 14ms (Views: 13.8ms | ActiveRecord: 0.0ms | Allocations: 3338)


Started GET "/" for ::1 at 2024-06-10 16:13:22 -0300
Processing by HomeController#index as HTML
  Rendering layout layouts/application.html.erb
  Rendering home/index.html.erb within layouts/application
  Rendered home/index.html.erb within layouts/application (Duration: 0.1ms | Allocations: 7)
  Rendered layout layouts/application.html.erb (Duration: 12.6ms | Allocations: 3109)
Completed 200 OK in 15ms (Views: 14.1ms | ActiveRecord: 0.0ms | Allocations: 3359)


Started GET "/" for ::1 at 2024-06-10 16:14:14 -0300
Processing by HomeController#index as HTML
  Rendering layout layouts/application.html.erb
  Rendering home/index.html.erb within layouts/application
  Rendered home/index.html.erb within layouts/application (Duration: 0.3ms | Allocations: 116)
  Rendered layout layouts/application.html.erb (Duration: 12.0ms | Allocations: 20292)
Completed 200 OK in 14ms (Views: 12.9ms | ActiveRecord: 0.0ms | Allocations: 21206)


Started GET "/" for ::1 at 2024-06-10 16:14:28 -0300
Processing by HomeController#index as HTML
  Rendering layout layouts/application.html.erb
  Rendering home/index.html.erb within layouts/application
  Rendered home/index.html.erb within layouts/application (Duration: 0.1ms | Allocations: 7)
  Rendered layout layouts/application.html.erb (Duration: 12.2ms | Allocations: 3099)
Completed 200 OK in 14ms (Views: 13.0ms | ActiveRecord: 0.0ms | Allocations: 3349)


Started GET "/" for ::1 at 2024-06-10 16:14:46 -0300
Processing by HomeController#index as HTML
  Rendering layout layouts/application.html.erb
  Rendering home/index.html.erb within layouts/application
  Rendered home/index.html.erb within layouts/application (Duration: 0.2ms | Allocations: 7)
  Rendered layout layouts/application.html.erb (Duration: 17.2ms | Allocations: 3096)
Completed 200 OK in 20ms (Views: 18.5ms | ActiveRecord: 0.0ms | Allocations: 3346)


Started GET "/" for ::1 at 2024-06-10 16:14:57 -0300
Processing by HomeController#index as HTML
  Rendering layout layouts/application.html.erb
  Rendering home/index.html.erb within layouts/application
  Rendered home/index.html.erb within layouts/application (Duration: 0.0ms | Allocations: 7)
  Rendered layout layouts/application.html.erb (Duration: 4.2ms | Allocations: 1622)
Completed 200 OK in 12ms (Views: 11.2ms | ActiveRecord: 0.0ms | Allocations: 1873)


Started GET "/" for ::1 at 2024-06-10 16:15:27 -0300
Processing by HomeController#index as HTML
  Rendering layout layouts/application.html.erb
  Rendering home/index.html.erb within layouts/application
  Rendered home/index.html.erb within layouts/application (Duration: 0.2ms | Allocations: 113)
  Rendered layout layouts/application.html.erb (Duration: 14.6ms | Allocations: 20331)
Completed 200 OK in 16ms (Views: 15.4ms | ActiveRecord: 0.0ms | Allocations: 21241)


Started GET "/" for ::1 at 2024-06-10 16:16:01 -0300
Processing by HomeController#index as HTML
  Rendering layout layouts/application.html.erb
  Rendering home/index.html.erb within layouts/application
  Rendered home/index.html.erb within layouts/application (Duration: 0.2ms | Allocations: 117)
  Rendered layout layouts/application.html.erb (Duration: 12.1ms | Allocations: 20165)
Completed 200 OK in 14ms (Views: 12.9ms | ActiveRecord: 0.0ms | Allocations: 21078)


Started GET "/" for ::1 at 2024-06-10 16:16:07 -0300
Processing by HomeController#index as HTML
  Rendering layout layouts/application.html.erb
  Rendering home/index.html.erb within layouts/application
  Rendered home/index.html.erb within layouts/application (Duration: 0.1ms | Allocations: 115)
  Rendered layout layouts/application.html.erb (Duration: 7.8ms | Allocations: 18759)
Completed 200 OK in 9ms (Views: 8.4ms | ActiveRecord: 0.0ms | Allocations: 19672)


Started GET "/" for ::1 at 2024-06-10 16:16:11 -0300
Processing by HomeController#index as HTML
  Rendering layout layouts/application.html.erb
  Rendering home/index.html.erb within layouts/application
  Rendered home/index.html.erb within layouts/application (Duration: 0.1ms | Allocations: 113)
  Rendered layout layouts/application.html.erb (Duration: 6.8ms | Allocations: 18610)
Completed 200 OK in 8ms (Views: 7.4ms | ActiveRecord: 0.0ms | Allocations: 19519)


Started GET "/" for ::1 at 2024-06-10 16:16:17 -0300
Processing by HomeController#index as HTML
  Rendering layout layouts/application.html.erb
  Rendering home/index.html.erb within layouts/application
  Rendered home/index.html.erb within layouts/application (Duration: 0.1ms | Allocations: 117)
  Rendered layout layouts/application.html.erb (Duration: 6.1ms | Allocations: 18649)
Completed 200 OK in 8ms (Views: 6.8ms | ActiveRecord: 0.0ms | Allocations: 19561)


Started GET "/" for ::1 at 2024-06-10 16:17:08 -0300
Processing by HomeController#index as HTML
  Rendering layout layouts/application.html.erb
  Rendering home/index.html.erb within layouts/application
  Rendered home/index.html.erb within layouts/application (Duration: 0.2ms | Allocations: 7)
  Rendered layout layouts/application.html.erb (Duration: 6.4ms | Allocations: 1581)
Completed 200 OK in 11ms (Views: 7.5ms | ActiveRecord: 0.0ms | Allocations: 1831)


Started GET "/" for ::1 at 2024-06-10 16:17:20 -0300
Processing by HomeController#index as HTML
  Rendering layout layouts/application.html.erb
  Rendering home/index.html.erb within layouts/application
  Rendered home/index.html.erb within layouts/application (Duration: 0.2ms | Allocations: 113)
  Rendered layout layouts/application.html.erb (Duration: 14.3ms | Allocations: 20286)
Completed 200 OK in 16ms (Views: 15.2ms | ActiveRecord: 0.0ms | Allocations: 21195)


Started GET "/" for ::1 at 2024-06-10 16:18:48 -0300
Processing by HomeController#index as HTML
  Rendering layout layouts/application.html.erb
  Rendering home/index.html.erb within layouts/application
  Rendered home/index.html.erb within layouts/application (Duration: 0.2ms | Allocations: 7)
  Rendered layout layouts/application.html.erb (Duration: 27.4ms | Allocations: 3101)
Completed 200 OK in 37ms (Views: 28.8ms | ActiveRecord: 0.0ms | Allocations: 3351)


Started GET "/" for ::1 at 2024-06-10 16:18:55 -0300
Processing by HomeController#index as HTML
  Rendering layout layouts/application.html.erb
  Rendering home/index.html.erb within layouts/application
  Rendered home/index.html.erb within layouts/application (Duration: 0.0ms | Allocations: 7)
  Rendered layout layouts/application.html.erb (Duration: 12.8ms | Allocations: 3111)
Completed 200 OK in 15ms (Views: 13.5ms | ActiveRecord: 0.0ms | Allocations: 3361)


Started GET "/" for ::1 at 2024-06-10 16:19:13 -0300
Processing by HomeController#index as HTML
  Rendering layout layouts/application.html.erb
  Rendering home/index.html.erb within layouts/application
  Rendered home/index.html.erb within layouts/application (Duration: 0.2ms | Allocations: 7)
  Rendered layout layouts/application.html.erb (Duration: 6.2ms | Allocations: 3084)
Completed 200 OK in 10ms (Views: 7.9ms | ActiveRecord: 0.0ms | Allocations: 3334)


Started GET "/" for ::1 at 2024-06-10 16:19:25 -0300
Processing by HomeController#index as HTML
  Rendering layout layouts/application.html.erb
  Rendering home/index.html.erb within layouts/application
  Rendered home/index.html.erb within layouts/application (Duration: 0.0ms | Allocations: 7)
  Rendered layout layouts/application.html.erb (Duration: 12.6ms | Allocations: 3073)
Completed 200 OK in 14ms (Views: 13.3ms | ActiveRecord: 0.0ms | Allocations: 3323)


Started GET "/" for ::1 at 2024-06-10 16:19:53 -0300
Processing by HomeController#index as HTML
  Rendering layout layouts/application.html.erb
  Rendering home/index.html.erb within layouts/application
  Rendered home/index.html.erb within layouts/application (Duration: 0.2ms | Allocations: 7)
  Rendered layout layouts/application.html.erb (Duration: 11.8ms | Allocations: 3077)
Completed 200 OK in 14ms (Views: 12.9ms | ActiveRecord: 0.0ms | Allocations: 3328)


Started GET "/" for ::1 at 2024-06-10 16:20:03 -0300
Processing by HomeController#index as HTML
  Rendering layout layouts/application.html.erb
  Rendering home/index.html.erb within layouts/application
  Rendered home/index.html.erb within layouts/application (Duration: 0.0ms | Allocations: 7)
  Rendered layout layouts/application.html.erb (Duration: 5.6ms | Allocations: 1635)
Completed 200 OK in 7ms (Views: 6.2ms | ActiveRecord: 0.0ms | Allocations: 1885)


Started GET "/" for ::1 at 2024-06-10 16:20:40 -0300
Processing by HomeController#index as HTML
  Rendering layout layouts/application.html.erb
  Rendering home/index.html.erb within layouts/application
  Rendered home/index.html.erb within layouts/application (Duration: 0.1ms | Allocations: 7)
  Rendered layout layouts/application.html.erb (Duration: 22.2ms | Allocations: 3114)
Completed 200 OK in 25ms (Views: 23.3ms | ActiveRecord: 0.0ms | Allocations: 3364)


Started GET "/" for ::1 at 2024-06-10 16:20:44 -0300
Processing by HomeController#index as HTML
  Rendering layout layouts/application.html.erb
  Rendering home/index.html.erb within layouts/application
  Rendered home/index.html.erb within layouts/application (Duration: 0.0ms | Allocations: 7)
  Rendered layout layouts/application.html.erb (Duration: 9.6ms | Allocations: 3079)
Completed 200 OK in 11ms (Views: 10.2ms | ActiveRecord: 0.0ms | Allocations: 3329)


Started GET "/" for ::1 at 2024-06-10 16:20:48 -0300
Processing by HomeController#index as HTML
  Rendering layout layouts/application.html.erb
  Rendering home/index.html.erb within layouts/application
  Rendered home/index.html.erb within layouts/application (Duration: 0.1ms | Allocations: 7)
  Rendered layout layouts/application.html.erb (Duration: 14.6ms | Allocations: 3097)
Completed 200 OK in 17ms (Views: 15.4ms | ActiveRecord: 0.0ms | Allocations: 3348)


Started GET "/" for ::1 at 2024-06-10 16:22:01 -0300
Processing by HomeController#index as HTML
  Rendering layout layouts/application.html.erb
  Rendering home/index.html.erb within layouts/application
  Rendered home/index.html.erb within layouts/application (Duration: 0.1ms | Allocations: 7)
  Rendered layout layouts/application.html.erb (Duration: 11.0ms | Allocations: 3100)
Completed 200 OK in 13ms (Views: 11.6ms | ActiveRecord: 0.0ms | Allocations: 3351)


Started GET "/" for ::1 at 2024-06-10 16:22:35 -0300
Processing by HomeController#index as HTML
  Rendering layout layouts/application.html.erb
  Rendering home/index.html.erb within layouts/application
  Rendered home/index.html.erb within layouts/application (Duration: 0.2ms | Allocations: 7)
  Rendered layout layouts/application.html.erb (Duration: 13.7ms | Allocations: 3091)
Completed 200 OK in 17ms (Views: 14.9ms | ActiveRecord: 0.0ms | Allocations: 3341)


Started GET "/" for ::1 at 2024-06-10 16:22:39 -0300
Processing by HomeController#index as HTML
  Rendering layout layouts/application.html.erb
  Rendering home/index.html.erb within layouts/application
  Rendered home/index.html.erb within layouts/application (Duration: 0.0ms | Allocations: 7)
  Rendered layout layouts/application.html.erb (Duration: 15.1ms | Allocations: 3085)
Completed 200 OK in 17ms (Views: 15.7ms | ActiveRecord: 0.0ms | Allocations: 3335)


Started GET "/" for ::1 at 2024-06-10 16:22:43 -0300
Processing by HomeController#index as HTML
  Rendering layout layouts/application.html.erb
  Rendering home/index.html.erb within layouts/application
  Rendered home/index.html.erb within layouts/application (Duration: 0.1ms | Allocations: 7)
  Rendered layout layouts/application.html.erb (Duration: 12.9ms | Allocations: 3099)
Completed 200 OK in 15ms (Views: 13.8ms | ActiveRecord: 0.0ms | Allocations: 3349)


Started GET "/" for ::1 at 2024-06-10 16:23:04 -0300
Processing by HomeController#index as HTML
  Rendering layout layouts/application.html.erb
  Rendering home/index.html.erb within layouts/application
  Rendered home/index.html.erb within layouts/application (Duration: 0.2ms | Allocations: 117)
  Rendered layout layouts/application.html.erb (Duration: 13.7ms | Allocations: 20334)
Completed 200 OK in 15ms (Views: 14.6ms | ActiveRecord: 0.0ms | Allocations: 21246)


Started GET "/" for ::1 at 2024-06-10 16:23:15 -0300
Processing by HomeController#index as HTML
  Rendering layout layouts/application.html.erb
  Rendering home/index.html.erb within layouts/application
  Rendered home/index.html.erb within layouts/application (Duration: 0.0ms | Allocations: 7)
  Rendered layout layouts/application.html.erb (Duration: 18.9ms | Allocations: 3114)
Completed 200 OK in 20ms (Views: 19.6ms | ActiveRecord: 0.0ms | Allocations: 3365)


Started GET "/" for ::1 at 2024-06-10 16:23:20 -0300
Processing by HomeController#index as HTML
  Rendering layout layouts/application.html.erb
  Rendering home/index.html.erb within layouts/application
  Rendered home/index.html.erb within layouts/application (Duration: 0.0ms | Allocations: 7)
  Rendered layout layouts/application.html.erb (Duration: 9.4ms | Allocations: 3098)
Completed 200 OK in 11ms (Views: 10.3ms | ActiveRecord: 0.0ms | Allocations: 3348)


Started GET "/" for ::1 at 2024-06-10 16:23:25 -0300
Processing by HomeController#index as HTML
  Rendering layout layouts/application.html.erb
  Rendering home/index.html.erb within layouts/application
  Rendered home/index.html.erb within layouts/application (Duration: 0.1ms | Allocations: 7)
  Rendered layout layouts/application.html.erb (Duration: 14.3ms | Allocations: 3073)
Completed 200 OK in 17ms (Views: 15.7ms | ActiveRecord: 0.0ms | Allocations: 3323)


Started GET "/" for ::1 at 2024-06-10 16:23:29 -0300
Processing by HomeController#index as HTML
  Rendering layout layouts/application.html.erb
  Rendering home/index.html.erb within layouts/application
  Rendered home/index.html.erb within layouts/application (Duration: 0.0ms | Allocations: 7)
  Rendered layout layouts/application.html.erb (Duration: 9.6ms | Allocations: 3127)
Completed 200 OK in 11ms (Views: 10.4ms | ActiveRecord: 0.0ms | Allocations: 3377)


